Generated 113958 clauses over 6420 variables. 
Looking for initial plan that may take the whole week (168h).
Launching picosat...
plan found that takes 168 hours 



            10        20        30        40        50        60        70        80        90       100       110       120       130       140       150       160
    123456789012345678901234567890123456789012345678901234567890123456789012345678901234567890123456789012345678901234567890123456789012345678901234567890123456789012345678
 1:                                                                                                                                                      xxxxxxxxxxxxxxxxxxx
 2:                                                                                                                                                         xxxxxxxxxxxxxxxx
 3:                                                                                                                                                       xxxxxxxxxxxxxxxxxx
 4:                                                                                                                                     xxxxxxxxxxxxxxxxxxxx
 5:                                                                                                                        xxxxxxxxxxxxx
 6:                                                                                                                                                                  xxxxxxx
 7:                                                                                                                                                xxxxxxxxxxxxxxxxxx
 8:                                                                                                                                           xxxxxxxxxxxx
 9:                                                                                                                                   xxxxxxxx
10:                                                                                                               xxxxxxxxxxxxxxxxxxxx
11:                                                                                                             xxxxxxxxxxx
12:                                                                                                                                               xxxxxxxx
13:                                                                                                                                xxxxxxxxxxxxxxx
14:                                                                                                                        xxxxxxxx
15:                                                                                            xxxxxxxxxxxxxxxxxxx
16:                                                     xxxxxxxxxxxxxxxxxxxxx
17:                                                                                        xxxxxxxxxxxxxxxxxxxxx
18:                                                                                      xxxxxxxxxxxxxxxxxxxxxxx
19:                                                                  xxxxxxxxxxxxxxxxxxxxxx
20:                                                                       xxxxxxxxxxxxxxxxxxxxx


Generated 113248 clauses over 6380 variables. 
Launching picosat...
plan found that takes 167 hours 



            10        20        30        40        50        60        70        80        90       100       110       120       130       140       150       160
    123456789012345678901234567890123456789012345678901234567890123456789012345678901234567890123456789012345678901234567890123456789012345678901234567890123456789012345678
 1:                                                                                                                                                     xxxxxxxxxxxxxxxxxxx
 2:                                                                                                                                                        xxxxxxxxxxxxxxxx
 3:                                                                                                                                                      xxxxxxxxxxxxxxxxxx
 4:                                                                                                                                    xxxxxxxxxxxxxxxxxxxx
 5:                                                                                                                       xxxxxxxxxxxxx
 6:                                                                                                                                                                 xxxxxxx
 7:                                                                                                                                               xxxxxxxxxxxxxxxxxx
 8:                                                                                                                                          xxxxxxxxxxxx
 9:                                                                                                                                  xxxxxxxx
10:                                                                                                              xxxxxxxxxxxxxxxxxxxx
11:                                                                                                            xxxxxxxxxxx
12:                                                                                                                                              xxxxxxxx
13:                                                                                                                               xxxxxxxxxxxxxxx
14:                                                                                                                       xxxxxxxx
15:                                                                                           xxxxxxxxxxxxxxxxxxx
16:                                                    xxxxxxxxxxxxxxxxxxxxx
17:                                                                                       xxxxxxxxxxxxxxxxxxxxx
18:                                                                                     xxxxxxxxxxxxxxxxxxxxxxx
19:                                                                 xxxxxxxxxxxxxxxxxxxxxx
20:                                                                      xxxxxxxxxxxxxxxxxxxxx


Generated 112538 clauses over 6340 variables. 
Launching picosat...
plan found that takes 166 hours 



            10        20        30        40        50        60        70        80        90       100       110       120       130       140       150       160
    123456789012345678901234567890123456789012345678901234567890123456789012345678901234567890123456789012345678901234567890123456789012345678901234567890123456789012345678
 1:                                                                                                                                                    xxxxxxxxxxxxxxxxxxx
 2:                                                                                                                                                       xxxxxxxxxxxxxxxx
 3:                                                                                                                                                     xxxxxxxxxxxxxxxxxx
 4:                                                                                                                                   xxxxxxxxxxxxxxxxxxxx
 5:                                                                                                                      xxxxxxxxxxxxx
 6:                                                                                                                                                                xxxxxxx
 7:                                                                                                                                              xxxxxxxxxxxxxxxxxx
 8:                                                                                                                                         xxxxxxxxxxxx
 9:                                                                                                                                 xxxxxxxx
10:                                                                                                             xxxxxxxxxxxxxxxxxxxx
11:                                                                                                           xxxxxxxxxxx
12:                                                                                                                                             xxxxxxxx
13:                                                                                                                              xxxxxxxxxxxxxxx
14:                                                                                                                      xxxxxxxx
15:                                                                                          xxxxxxxxxxxxxxxxxxx
16:                                                                     xxxxxxxxxxxxxxxxxxxxx
17:                                                                                      xxxxxxxxxxxxxxxxxxxxx
18:                                                               xxxxxxxxxxxxxxxxxxxxxxx
19:                                               xxxxxxxxxxxxxxxxxxxxxx
20:                                                                     xxxxxxxxxxxxxxxxxxxxx


Generated 111828 clauses over 6300 variables. 
Launching picosat...
plan found that takes 165 hours 



            10        20        30        40        50        60        70        80        90       100       110       120       130       140       150       160
    123456789012345678901234567890123456789012345678901234567890123456789012345678901234567890123456789012345678901234567890123456789012345678901234567890123456789012345678
 1:                                                                                                                                                   xxxxxxxxxxxxxxxxxxx
 2:                                                                                                                                                      xxxxxxxxxxxxxxxx
 3:                                                                                                                                                    xxxxxxxxxxxxxxxxxx
 4:                                                                                                                                  xxxxxxxxxxxxxxxxxxxx
 5:                                                                                                                     xxxxxxxxxxxxx
 6:                                                                                                                                                               xxxxxxx
 7:                                                                                                                                             xxxxxxxxxxxxxxxxxx
 8:                                                                                                                                        xxxxxxxxxxxx
 9:                                                                                                                                xxxxxxxx
10:                                                                                                            xxxxxxxxxxxxxxxxxxxx
11:                                                                                                          xxxxxxxxxxx
12:                                                                                                                                            xxxxxxxx
13:                                                                                                                             xxxxxxxxxxxxxxx
14:                                                                                                                     xxxxxxxx
15:                                                                                         xxxxxxxxxxxxxxxxxxx
16:                                                   xxxxxxxxxxxxxxxxxxxxx
17:                                                                                     xxxxxxxxxxxxxxxxxxxxx
18:                                                                                   xxxxxxxxxxxxxxxxxxxxxxx
19:                                                               xxxxxxxxxxxxxxxxxxxxxx
20:                                                                    xxxxxxxxxxxxxxxxxxxxx


Generated 111118 clauses over 6260 variables. 
Launching picosat...
plan found that takes 164 hours 



            10        20        30        40        50        60        70        80        90       100       110       120       130       140       150       160
    123456789012345678901234567890123456789012345678901234567890123456789012345678901234567890123456789012345678901234567890123456789012345678901234567890123456789012345678
 1:                                                                                                                                                  xxxxxxxxxxxxxxxxxxx
 2:                                                                                                                                                     xxxxxxxxxxxxxxxx
 3:                                                                                                                                                   xxxxxxxxxxxxxxxxxx
 4:                                                                                                                                 xxxxxxxxxxxxxxxxxxxx
 5:                                                                                                                    xxxxxxxxxxxxx
 6:                                                                                                                                                              xxxxxxx
 7:                                                                                                                                            xxxxxxxxxxxxxxxxxx
 8:                                                                                                                                       xxxxxxxxxxxx
 9:                                                                                                                               xxxxxxxx
10:                                                                                                           xxxxxxxxxxxxxxxxxxxx
11:                                                                                                         xxxxxxxxxxx
12:                                                                                                                                           xxxxxxxx
13:                                                                                                                            xxxxxxxxxxxxxxx
14:                                                                                                                    xxxxxxxx
15:                                                                                        xxxxxxxxxxxxxxxxxxx
16:                                                                   xxxxxxxxxxxxxxxxxxxxx
17:                                                                                    xxxxxxxxxxxxxxxxxxxxx
18:                                                             xxxxxxxxxxxxxxxxxxxxxxx
19:                                             xxxxxxxxxxxxxxxxxxxxxx
20:                                                                   xxxxxxxxxxxxxxxxxxxxx


Generated 110408 clauses over 6220 variables. 
Launching picosat...
plan found that takes 163 hours 



            10        20        30        40        50        60        70        80        90       100       110       120       130       140       150       160
    123456789012345678901234567890123456789012345678901234567890123456789012345678901234567890123456789012345678901234567890123456789012345678901234567890123456789012345678
 1:                                                                                                                                                 xxxxxxxxxxxxxxxxxxx
 2:                                                                                                                                                    xxxxxxxxxxxxxxxx
 3:                                                                                                                                                  xxxxxxxxxxxxxxxxxx
 4:                                                                                                                                xxxxxxxxxxxxxxxxxxxx
 5:                                                                                                                   xxxxxxxxxxxxx
 6:                                                                                                                                                             xxxxxxx
 7:                                                                                                                                           xxxxxxxxxxxxxxxxxx
 8:                                                                                                                                      xxxxxxxxxxxx
 9:                                                                                                                              xxxxxxxx
10:                                                                                                          xxxxxxxxxxxxxxxxxxxx
11:                                                                                                        xxxxxxxxxxx
12:                                                                                                                                          xxxxxxxx
13:                                                                                                                           xxxxxxxxxxxxxxx
14:                                                                                                                   xxxxxxxx
15:                                                                                       xxxxxxxxxxxxxxxxxxx
16:                                                  xxxxxxxxxxxxxxxxxxxxx
17:                                                                                   xxxxxxxxxxxxxxxxxxxxx
18:                                                                                 xxxxxxxxxxxxxxxxxxxxxxx
19:                                                             xxxxxxxxxxxxxxxxxxxxxx
20:                                                                  xxxxxxxxxxxxxxxxxxxxx


Generated 109698 clauses over 6180 variables. 
Launching picosat...
plan found that takes 162 hours 



            10        20        30        40        50        60        70        80        90       100       110       120       130       140       150       160
    123456789012345678901234567890123456789012345678901234567890123456789012345678901234567890123456789012345678901234567890123456789012345678901234567890123456789012345678
 1:                                                                                                                                                xxxxxxxxxxxxxxxxxxx
 2:                                                                                                                                                   xxxxxxxxxxxxxxxx
 3:                                                                                                                                                 xxxxxxxxxxxxxxxxxx
 4:                                                                                                                               xxxxxxxxxxxxxxxxxxxx
 5:                                                                                                                  xxxxxxxxxxxxx
 6:                                                                                                                                                            xxxxxxx
 7:                                                                                                                                          xxxxxxxxxxxxxxxxxx
 8:                                                                                                                                     xxxxxxxxxxxx
 9:                                                                                                                             xxxxxxxx
10:                                                                                                         xxxxxxxxxxxxxxxxxxxx
11:                                                                                                       xxxxxxxxxxx
12:                                                                                                                                         xxxxxxxx
13:                                                                                                                          xxxxxxxxxxxxxxx
14:                                                                                                                  xxxxxxxx
15:                                                                                      xxxxxxxxxxxxxxxxxxx
16:                                                                 xxxxxxxxxxxxxxxxxxxxx
17:                                                                                  xxxxxxxxxxxxxxxxxxxxx
18:                                                           xxxxxxxxxxxxxxxxxxxxxxx
19:                                           xxxxxxxxxxxxxxxxxxxxxx
20:                                                                 xxxxxxxxxxxxxxxxxxxxx


