Generated 98614 clauses over 4230 variables. 
Calling solver....
Solution found: 
[ycs-1-1-30,cls-1-3-30,cls-1-1-37,ycs-1-1-37,ycs-1-1-49,cls-1-2-49,ycs-1-2-1,cls-2-5-1,ycs-1-2-13,cls-2-4-13,ycs-1-2-25,cls-2-3-25,ycs-1-2-42,cls-2-2-42,cls-2-1-50,ycs-1-2-50,ycs-1-3-5,cls-3-5-5,ycs-1-3-16,cls-3-3-16,ycs-1-3-28,cls-3-4-28,ycs-1-3-41,cls-3-2-41,cls-3-1-51,ycs-1-3-51,ycs-1-4-29,cls-4-2-29,cls-4-1-38,ycs-1-4-38,ycs-1-4-54,cls-4-3-54,ycs-1-5-3,cls-5-4-3,ycs-1-5-15,cls-5-5-15,ycs-1-5-27,cls-5-3-27,ycs-1-5-40,cls-5-2-40,cls-5-1-52,ycs-1-5-52,cls-6-1-34,ycs-2-6-34,ycs-2-6-48,cls-6-2-48,ycs-2-6-60,cls-6-3-60,ycs-2-7-7,cls-7-5-7,ycs-2-7-19,cls-7-4-19,ycs-2-7-31,cls-7-3-31,ycs-2-7-45,cls-7-2-45,cls-7-1-59,ycs-2-7-59,ycs-2-8-23,cls-8-3-23,cls-8-1-35,ycs-2-8-35,ycs-2-8-47,cls-8-2-47,ycs-2-8-57,cls-8-4-57,ycs-2-9-12,cls-9-3-12,ycs-2-9-20,cls-9-5-20,ycs-2-9-32,cls-9-4-32,ycs-2-9-46,cls-9-2-46,cls-9-1-55,ycs-2-9-55,cls-10-1-24,ycs-2-10-24,ycs-2-10-36,cls-10-4-36,ycs-2-10-44,cls-10-3-44,ycs-2-10-58,cls-10-2-58,ycs-3-11-17,cls-11-3-17,cls-11-1-37,ycs-3-11-37,ycs-3-11-49,cls-11-2-49,ycs-3-12-18,cls-12-2-18,ycs-3-12-29,cls-12-3-29,ycs-3-12-41,cls-12-4-41,cls-12-1-54,ycs-3-12-54,ycs-3-13-28,cls-13-2-28,cls-13-1-38,ycs-3-13-38,ycs-3-13-53,cls-13-3-53,ycs-3-14-27,cls-14-2-27,cls-14-1-42,ycs-3-14-42,ycs-3-14-52,cls-14-3-52,ycs-3-15-6,cls-15-2-6,cls-15-1-13,ycs-3-15-13,ycs-3-15-30,cls-15-5-30,ycs-3-15-40,cls-15-4-40,ycs-3-15-50,cls-15-3-50,ycs-3-16-2,cls-16-2-2,ycs-3-16-14,cls-16-3-14,cls-16-1-26,ycs-3-16-26,ycs-4-17-9,cls-17-3-9,cls-17-1-24,ycs-4-17-24,ycs-4-17-31,cls-17-2-31,cls-18-1-11,ycs-4-18-11,ycs-4-18-22,cls-18-4-22,ycs-4-18-45,cls-18-2-45,ycs-4-18-60,cls-18-3-60,ycs-4-19-23,cls-19-4-23,cls-19-1-32,ycs-4-19-32,ycs-4-19-47,cls-19-2-47,ycs-4-19-55,cls-19-3-55,ycs-4-20-10,cls-20-2-10,cls-20-1-34,ycs-4-20-34,ycs-4-20-43,cls-20-3-43,ycs-4-21-35,cls-21-2-35,cls-21-1-44,ycs-4-21-44,ycs-4-21-58,cls-21-3-58,ycs-4-22-12,cls-22-3-12,ycs-4-22-20,cls-22-2-20,cls-22-1-59,ycs-4-22-59,ycs-4-23-8,cls-23-3-8,ycs-4-23-21,cls-23-4-21,cls-23-1-33,ycs-4-23-33,ycs-4-23-48,cls-23-2-48,ycs-4-23-56,cls-23-5-56,cs-1-30,cs-1-37,cs-1-49,cs-2-1,cs-2-13,cs-2-25,cs-2-42,cs-2-50,cs-3-5,cs-3-16,cs-3-28,cs-3-41,cs-3-51,cs-4-29,cs-4-38,cs-4-54,cs-5-3,cs-5-15,cs-5-27,cs-5-40,cs-5-52,cs-6-34,cs-6-48,cs-6-60,cs-7-7,cs-7-19,cs-7-31,cs-7-45,cs-7-59,cs-8-23,cs-8-35,cs-8-47,cs-8-57,cs-9-12,cs-9-20,cs-9-32,cs-9-46,cs-9-55,cs-10-24,cs-10-36,cs-10-44,cs-10-58,cs-11-17,cs-11-37,cs-11-49,cs-12-18,cs-12-29,cs-12-41,cs-12-54,cs-13-28,cs-13-38,cs-13-53,cs-14-27,cs-14-42,cs-14-52,cs-15-6,cs-15-13,cs-15-30,cs-15-40,cs-15-50,cs-16-2,cs-16-14,cs-16-26,cs-17-9,cs-17-24,cs-17-31,cs-18-11,cs-18-22,cs-18-45,cs-18-60,cs-19-23,cs-19-32,cs-19-47,cs-19-55,cs-20-10,cs-20-34,cs-20-43,cs-21-35,cs-21-44,cs-21-58,cs-22-12,cs-22-20,cs-22-59,cs-23-8,cs-23-21,cs-23-33,cs-23-48,cs-23-56,ys-1-1,ys-1-3,ys-1-5,ys-1-13,ys-1-15,ys-1-16,ys-1-25,ys-1-27,ys-1-28,ys-1-29,ys-1-30,ys-1-37,ys-1-38,ys-1-40,ys-1-41,ys-1-42,ys-1-49,ys-1-50,ys-1-51,ys-1-52,ys-1-54,ys-2-7,ys-2-12,ys-2-19,ys-2-20,ys-2-23,ys-2-24,ys-2-31,ys-2-32,ys-2-34,ys-2-35,ys-2-36,ys-2-44,ys-2-45,ys-2-46,ys-2-47,ys-2-48,ys-2-55,ys-2-57,ys-2-58,ys-2-59,ys-2-60,ys-3-2,ys-3-6,ys-3-13,ys-3-14,ys-3-17,ys-3-18,ys-3-26,ys-3-27,ys-3-28,ys-3-29,ys-3-30,ys-3-37,ys-3-38,ys-3-40,ys-3-41,ys-3-42,ys-3-49,ys-3-50,ys-3-52,ys-3-53,ys-3-54,ys-4-8,ys-4-9,ys-4-10,ys-4-11,ys-4-12,ys-4-20,ys-4-21,ys-4-22,ys-4-23,ys-4-24,ys-4-31,ys-4-32,ys-4-33,ys-4-34,ys-4-35,ys-4-43,ys-4-44,ys-4-45,ys-4-47,ys-4-48,ys-4-55,ys-4-56,ys-4-58,ys-4-59,ys-4-60,cr-1-3,cr-2-2,cr-3-1,cr-4-1,cr-5-3,cr-6-2,cr-7-3,cr-8-2,cr-9-3,cr-10-2,cr-11-2,cr-12-3,cr-13-3,cr-14-1,cr-15-1,cr-16-1,cr-17-1,cr-18-1,cr-19-1,cr-20-3,cr-21-3,cr-22-2,cr-23-3,ct-1-5,ct-2-1,ct-3-1,ct-4-4,ct-5-5,ct-6-2,ct-7-3,ct-8-3,ct-9-4,ct-10-3,ct-11-4,ct-12-5,ct-13-5,ct-14-4,ct-15-4,ct-16-5,ct-17-2,ct-18-4,ct-19-2,ct-20-3,ct-21-4,ct-22-2,ct-23-4]


 Ouput format: Course - Lecture [R: Room] [T: Teacher]

                 Monday                      Tuesday                     Wednesday                    Thursday                   Friday   
  8:00 =============================================================================================================================================
       |  2 -  5  [R:  2]  [T:  1] |  2 -  4  [R:  2]  [T:  1] |  2 -  3  [R:  2]  [T:  1] |  1 -  1  [R:  3]  [T:  5] |  1 -  2  [R:  3]  [T:  5] |  Year: 1
       |                           |                           |                           |                           |                           |  Year: 2
       |                           | 15 -  1  [R:  1]  [T:  4] |                           | 11 -  1  [R:  2]  [T:  4] | 11 -  2  [R:  2]  [T:  4] |  Year: 3
       |                           |                           |                           |                           |                           |  Year: 4
  9:00 =============================================================================================================================================
       |                           |                           |                           |  4 -  1  [R:  1]  [T:  4] |  2 -  1  [R:  2]  [T:  1] |  Year: 1
       |                           |                           |                           |                           |                           |  Year: 2
       | 16 -  2  [R:  1]  [T:  5] | 16 -  3  [R:  1]  [T:  5] | 16 -  1  [R:  1]  [T:  5] | 13 -  1  [R:  3]  [T:  5] | 15 -  3  [R:  1]  [T:  4] |  Year: 3
       |                           |                           |                           |                           |                           |  Year: 4
 10:00 =============================================================================================================================================
       |  5 -  4  [R:  3]  [T:  5] |  5 -  5  [R:  3]  [T:  5] |  5 -  3  [R:  3]  [T:  5] |                           |  3 -  1  [R:  1]  [T:  1] |  Year: 1
       |                           |                           |                           |                           |                           |  Year: 2
       |                           |                           | 14 -  2  [R:  1]  [T:  4] |                           |                           |  Year: 3
       |                           |                           |                           |                           |                           |  Year: 4
 11:00 =============================================================================================================================================
       |                           |  3 -  3  [R:  1]  [T:  1] |  3 -  4  [R:  1]  [T:  1] |  5 -  2  [R:  3]  [T:  5] |  5 -  1  [R:  3]  [T:  5] |  Year: 1
       |                           |                           |                           |                           |                           |  Year: 2
       |                           |                           | 13 -  2  [R:  3]  [T:  5] | 15 -  4  [R:  1]  [T:  4] | 14 -  3  [R:  1]  [T:  4] |  Year: 3
       |                           |                           |                           |                           |                           |  Year: 4
 12:00 =============================================================================================================================================
       |  3 -  5  [R:  1]  [T:  1] |                           |  4 -  2  [R:  1]  [T:  4] |  3 -  2  [R:  1]  [T:  1] |                           |  Year: 1
       |                           |                           |                           |                           |                           |  Year: 2
       |                           | 11 -  3  [R:  2]  [T:  4] | 12 -  3  [R:  3]  [T:  5] | 12 -  4  [R:  3]  [T:  5] | 13 -  3  [R:  3]  [T:  5] |  Year: 3
       |                           |                           |                           |                           |                           |  Year: 4
 13:00 =============================================================================================================================================
       |                           |                           |  1 -  3  [R:  3]  [T:  5] |  2 -  2  [R:  2]  [T:  1] |  4 -  3  [R:  1]  [T:  4] |  Year: 1
       |                           |                           |                           |                           |                           |  Year: 2
       | 15 -  2  [R:  1]  [T:  4] | 12 -  2  [R:  3]  [T:  5] | 15 -  5  [R:  1]  [T:  4] | 14 -  1  [R:  1]  [T:  4] | 12 -  1  [R:  3]  [T:  5] |  Year: 3
       |                           |                           |                           |                           |                           |  Year: 4
 14:00 =============================================================================================================================================
       |                           |                           |                           |                           |                           |  Year: 1
       |  7 -  5  [R:  3]  [T:  3] |  7 -  4  [R:  3]  [T:  3] |  7 -  3  [R:  3]  [T:  3] |                           |  9 -  1  [R:  3]  [T:  4] |  Year: 2
       |                           |                           |                           |                           |                           |  Year: 3
       |                           |                           | 17 -  2  [R:  1]  [T:  2] | 20 -  3  [R:  3]  [T:  3] | 19 -  3  [R:  1]  [T:  2] |  Year: 4
 15:00 =============================================================================================================================================
       |                           |                           |                           |                           |                           |  Year: 1
       |                           |  9 -  5  [R:  3]  [T:  4] |  9 -  4  [R:  3]  [T:  4] | 10 -  3  [R:  2]  [T:  3] |                           |  Year: 2
       |                           |                           |                           |                           |                           |  Year: 3
       | 23 -  3  [R:  3]  [T:  4] | 22 -  2  [R:  2]  [T:  2] | 19 -  1  [R:  1]  [T:  2] | 21 -  1  [R:  3]  [T:  4] | 23 -  5  [R:  3]  [T:  4] |  Year: 4
 16:00 =============================================================================================================================================
       |                           |                           |                           |                           |                           |  Year: 1
       |                           |                           |                           |  7 -  2  [R:  3]  [T:  3] |  8 -  4  [R:  2]  [T:  3] |  Year: 2
       |                           |                           |                           |                           |                           |  Year: 3
       | 17 -  3  [R:  1]  [T:  2] | 23 -  4  [R:  3]  [T:  4] | 23 -  1  [R:  3]  [T:  4] | 18 -  2  [R:  1]  [T:  4] |                           |  Year: 4
 17:00 =============================================================================================================================================
       |                           |                           |                           |                           |                           |  Year: 1
       |                           |                           |  6 -  1  [R:  2]  [T:  2] |  9 -  2  [R:  3]  [T:  4] | 10 -  2  [R:  2]  [T:  3] |  Year: 2
       |                           |                           |                           |                           |                           |  Year: 3
       | 20 -  2  [R:  3]  [T:  3] | 18 -  4  [R:  1]  [T:  4] | 20 -  1  [R:  3]  [T:  3] |                           | 21 -  3  [R:  3]  [T:  4] |  Year: 4
 18:00 =============================================================================================================================================
       |                           |                           |                           |                           |                           |  Year: 1
       |                           |  8 -  3  [R:  2]  [T:  3] |  8 -  1  [R:  2]  [T:  3] |  8 -  2  [R:  2]  [T:  3] |  7 -  1  [R:  3]  [T:  3] |  Year: 2
       |                           |                           |                           |                           |                           |  Year: 3
       | 18 -  1  [R:  1]  [T:  4] | 19 -  4  [R:  1]  [T:  2] | 21 -  2  [R:  3]  [T:  4] | 19 -  2  [R:  1]  [T:  2] | 22 -  1  [R:  2]  [T:  2] |  Year: 4
 19:00 =============================================================================================================================================
       |                           |                           |                           |                           |                           |  Year: 1
       |  9 -  3  [R:  3]  [T:  4] | 10 -  1  [R:  2]  [T:  3] | 10 -  4  [R:  2]  [T:  3] |  6 -  2  [R:  2]  [T:  2] |  6 -  3  [R:  2]  [T:  2] |  Year: 2
       |                           |                           |                           |                           |                           |  Year: 3
       | 22 -  3  [R:  2]  [T:  2] | 17 -  1  [R:  1]  [T:  2] |                           | 23 -  2  [R:  3]  [T:  4] | 18 -  3  [R:  1]  [T:  4] |  Year: 4
 20:00 =============================================================================================================================================


